#
# There is insufficient memory for the Java Runtime Environment to continue.
# Native memory allocation (malloc) failed to allocate 2310096 bytes for Chunk::new
# Possible reasons:
#   The system is out of physical RAM or swap space
#   The process is running with CompressedOops enabled, and the Java Heap may be blocking the growth of the native heap
# Possible solutions:
#   Reduce memory load on the system
#   Increase physical memory or swap space
#   Check if swap backing store is full
#   Decrease Java heap size (-Xmx/-Xms)
#   Decrease number of Java threads
#   Decrease Java thread stack sizes (-Xss)
#   Set larger code cache with -XX:ReservedCodeCacheSize=
#   JVM is running with Unscaled Compressed Oops mode in which the Java heap is
#     placed in the first 4GB address space. The Java Heap base address is the
#     maximum limit for the native heap growth. Please use -XX:HeapBaseMinAddress
#     to set the Java Heap base and to place the Java Heap above 4GB virtual address.
# This output file may be truncated or incomplete.
#
#  Out of Memory Error (./src/hotspot/share/memory/arena.cpp:197), pid=6224, tid=9236
#
# JRE version: OpenJDK Runtime Environment (11.0.10) (build 11.0.10+0-b96-7249189)
# Java VM: OpenJDK 64-Bit Server VM (11.0.10+0-b96-7249189, mixed mode, tiered, compressed oops, g1 gc, windows-amd64)
# No core dump will be written. Minidumps are not enabled by default on client versions of Windows
#

---------------  S U M M A R Y ------------

Command Line: --add-opens=java.base/java.util=ALL-UNNAMED --add-opens=java.base/java.lang=ALL-UNNAMED --add-opens=java.base/java.lang.invoke=ALL-UNNAMED --add-opens=java.base/java.util=ALL-UNNAMED --add-opens=java.prefs/java.util.prefs=ALL-UNNAMED --add-opens=java.prefs/java.util.prefs=ALL-UNNAMED --add-opens=java.base/java.nio.charset=ALL-UNNAMED --add-opens=java.base/java.net=ALL-UNNAMED --add-opens=java.base/java.util.concurrent.atomic=ALL-UNNAMED -Xmx2048m -Dfile.encoding=UTF-8 -Duser.country=US -Duser.language=en -Duser.variant org.gradle.launcher.daemon.bootstrap.GradleDaemon 7.0.2

Host: Intel(R) Core(TM) i7-8550U CPU @ 1.80GHz, 8 cores, 7G,  Windows 10 , 64 bit Build 22468 (10.0.22468.1000)
Time: Thu Nov 11 17:39:59 2021 Middle East Standard Time elapsed time: 8825.411670 seconds (0d 2h 27m 5s)

---------------  T H R E A D  ---------------

Current thread (0x000001ce321ee000):  JavaThread "C2 CompilerThread0" daemon [_thread_in_native, id=9236, stack(0x000000cd58000000,0x000000cd58100000)]


Current CompileTask:
C2:8825411 29168       4       com.sun.tools.javac.parser.JavacParser::term3 (2482 bytes)

Stack: [0x000000cd58000000,0x000000cd58100000]
Native frames: (J=compiled Java code, j=interpreted, Vv=VM code, C=native code)
V  [jvm.dll+0x5ecfaa]
V  [jvm.dll+0x722bd5]
V  [jvm.dll+0x72412d]
V  [jvm.dll+0x7247e3]
V  [jvm.dll+0x242928]
V  [jvm.dll+0xbc4fc]
V  [jvm.dll+0xbca0c]
V  [jvm.dll+0x352d7d]
V  [jvm.dll+0x320ad3]
V  [jvm.dll+0x31ffca]
V  [jvm.dll+0x1fb602]
V  [jvm.dll+0x1fa7f4]
V  [jvm.dll+0x18354c]
V  [jvm.dll+0x208ee7]
V  [jvm.dll+0x207731]
V  [jvm.dll+0x6eb1cf]
V  [jvm.dll+0x6e3d45]
V  [jvm.dll+0x5ebe96]
C  [ucrtbase.dll+0x293cc]
C  [KERNEL32.DLL+0x16ab0]
C  [ntdll.dll+0x5c44b]


---------------  P R O C E S S  ---------------

Threads class SMR info:
_java_thread_list=0x000001ce387ad450, length=65, elements={
0x000001ce17d65000, 0x000001ce321cb000, 0x000001ce321d7800, 0x000001ce321e6800,
0x000001ce321e8000, 0x000001ce321eb000, 0x000001ce321ee000, 0x000001ce321ef000,
0x000001ce321f0800, 0x000001ce32cc0000, 0x000001ce348e2800, 0x000001ce35167800,
0x000001ce32d7b000, 0x000001ce346c1800, 0x000001ce346bf000, 0x000001ce346c2800,
0x000001ce346c3000, 0x000001ce346be800, 0x000001ce34ea1800, 0x000001ce34ea0000,
0x000001ce34ea2800, 0x000001ce34ea4000, 0x000001ce34981800, 0x000001ce3498d000,
0x000001ce3498b000, 0x000001ce34988000, 0x000001ce34988800, 0x000001ce34989800,
0x000001ce3498c000, 0x000001ce32e55000, 0x000001ce34ea0800, 0x000001ce34e9f000,
0x000001ce40605800, 0x000001ce40607000, 0x000001ce40604800, 0x000001ce40603000,
0x000001ce40606000, 0x000001ce40608000, 0x000001ce40608800, 0x000001ce40609800,
0x000001ce40603800, 0x000001ce4060b000, 0x000001ce4060e800, 0x000001ce4060f000,
0x000001ce40610000, 0x000001ce4060c800, 0x000001ce4060a800, 0x000001ce40611000,
0x000001ce40611800, 0x000001ce4060c000, 0x000001ce4060d800, 0x000001ce43841800,
0x000001ce4383c000, 0x000001ce4383e000, 0x000001ce43840000, 0x000001ce43840800,
0x000001ce43842800, 0x000001ce4383c800, 0x000001ce4383f000, 0x000001ce43843000,
0x000001ce4383d800, 0x000001ce43845800, 0x000001ce43849800, 0x000001ce43846800,
0x000001ce43848000
}

Java Threads: ( => current thread )
  0x000001ce17d65000 JavaThread "main" [_thread_blocked, id=6776, stack(0x000000cd57400000,0x000000cd57500000)]
  0x000001ce321cb000 JavaThread "Reference Handler" daemon [_thread_blocked, id=3456, stack(0x000000cd57b00000,0x000000cd57c00000)]
  0x000001ce321d7800 JavaThread "Finalizer" daemon [_thread_blocked, id=6832, stack(0x000000cd57c00000,0x000000cd57d00000)]
  0x000001ce321e6800 JavaThread "Signal Dispatcher" daemon [_thread_blocked, id=3160, stack(0x000000cd57d00000,0x000000cd57e00000)]
  0x000001ce321e8000 JavaThread "Attach Listener" daemon [_thread_blocked, id=5844, stack(0x000000cd57e00000,0x000000cd57f00000)]
  0x000001ce321eb000 JavaThread "Service Thread" daemon [_thread_blocked, id=4416, stack(0x000000cd57f00000,0x000000cd58000000)]
=>0x000001ce321ee000 JavaThread "C2 CompilerThread0" daemon [_thread_in_native, id=9236, stack(0x000000cd58000000,0x000000cd58100000)]
  0x000001ce321ef000 JavaThread "C1 CompilerThread0" daemon [_thread_blocked, id=10048, stack(0x000000cd58100000,0x000000cd58200000)]
  0x000001ce321f0800 JavaThread "Sweeper thread" daemon [_thread_blocked, id=8568, stack(0x000000cd58200000,0x000000cd58300000)]
  0x000001ce32cc0000 JavaThread "Common-Cleaner" daemon [_thread_blocked, id=7060, stack(0x000000cd58300000,0x000000cd58400000)]
  0x000001ce348e2800 JavaThread "Daemon health stats" [_thread_blocked, id=6548, stack(0x000000cd58700000,0x000000cd58800000)]
  0x000001ce35167800 JavaThread "Incoming local TCP Connector on port 32237" [_thread_in_native, id=7276, stack(0x000000cd58500000,0x000000cd58600000)]
  0x000001ce32d7b000 JavaThread "Daemon periodic checks" [_thread_blocked, id=4948, stack(0x000000cd58800000,0x000000cd58900000)]
  0x000001ce346c1800 JavaThread "Cache worker for file hash cache (C:\Users\HES\.gradle\caches\7.0.2\fileHashes)" [_thread_blocked, id=4152, stack(0x000000cd59700000,0x000000cd59800000)]
  0x000001ce346bf000 JavaThread "File lock request listener" [_thread_in_native, id=4308, stack(0x000000cd59800000,0x000000cd59900000)]
  0x000001ce346c2800 JavaThread "Cache worker for journal cache (C:\Users\HES\.gradle\caches\journal-1)" [_thread_blocked, id=10168, stack(0x000000cd59a00000,0x000000cd59b00000)]
  0x000001ce346c3000 JavaThread "File watcher server" daemon [_thread_in_native, id=7764, stack(0x000000cd59c00000,0x000000cd59d00000)]
  0x000001ce346be800 JavaThread "File watcher consumer" daemon [_thread_blocked, id=296, stack(0x000000cd59d00000,0x000000cd59e00000)]
  0x000001ce34ea1800 JavaThread "Cache worker for execution history cache (C:\Users\HES\.gradle\caches\7.0.2\executionHistory)" [_thread_blocked, id=8972, stack(0x000000cd5a100000,0x000000cd5a200000)]
  0x000001ce34ea0000 JavaThread "jar transforms" [_thread_blocked, id=7932, stack(0x000000cd5a200000,0x000000cd5a300000)]
  0x000001ce34ea2800 JavaThread "jar transforms Thread 2" [_thread_blocked, id=6560, stack(0x000000cd5a300000,0x000000cd5a400000)]
  0x000001ce34ea4000 JavaThread "Cache worker for file content cache (C:\Users\HES\.gradle\caches\7.0.2\fileContent)" [_thread_blocked, id=2232, stack(0x000000cd5a400000,0x000000cd5a500000)]
  0x000001ce34981800 JavaThread "jar transforms Thread 3" [_thread_blocked, id=9824, stack(0x000000cd5a600000,0x000000cd5a700000)]
  0x000001ce3498d000 JavaThread "jar transforms Thread 4" [_thread_blocked, id=5260, stack(0x000000cd5b000000,0x000000cd5b100000)]
  0x000001ce3498b000 JavaThread "jar transforms Thread 5" [_thread_blocked, id=5832, stack(0x000000cd5b100000,0x000000cd5b200000)]
  0x000001ce34988000 JavaThread "jar transforms Thread 6" [_thread_blocked, id=3912, stack(0x000000cd5b200000,0x000000cd5b300000)]
  0x000001ce34988800 JavaThread "jar transforms Thread 7" [_thread_blocked, id=4324, stack(0x000000cd5b300000,0x000000cd5b400000)]
  0x000001ce34989800 JavaThread "jar transforms Thread 8" [_thread_blocked, id=5688, stack(0x000000cd5b400000,0x000000cd5b500000)]
  0x000001ce3498c000 JavaThread "Memory manager" [_thread_blocked, id=7544, stack(0x000000cd5b500000,0x000000cd5b600000)]
  0x000001ce32e55000 JavaThread "Cache worker for Java compile cache (C:\Users\HES\.gradle\caches\7.0.2\javaCompile)" [_thread_blocked, id=6636, stack(0x000000cd5c100000,0x000000cd5c200000)]
  0x000001ce34ea0800 JavaThread "ForkJoinPool.commonPool-worker-15" daemon [_thread_blocked, id=4996, stack(0x000000cd5cd00000,0x000000cd5ce00000)]
  0x000001ce34e9f000 JavaThread "ForkJoinPool.commonPool-worker-3" daemon [_thread_blocked, id=6088, stack(0x000000cd5ce00000,0x000000cd5cf00000)]
  0x000001ce40605800 JavaThread "ForkJoinPool.commonPool-worker-5" daemon [_thread_blocked, id=7136, stack(0x000000cd5cf00000,0x000000cd5d000000)]
  0x000001ce40607000 JavaThread "ForkJoinPool.commonPool-worker-7" daemon [_thread_blocked, id=9324, stack(0x000000cd5d000000,0x000000cd5d100000)]
  0x000001ce40604800 JavaThread "Daemon Thread 26" [_thread_blocked, id=6344, stack(0x000000cd57100000,0x000000cd57200000)]
  0x000001ce40603000 JavaThread "Handler for socket connection from /127.0.0.1:32237 to /127.0.0.1:34528" [_thread_in_native, id=7604, stack(0x000000cd57200000,0x000000cd57300000)]
  0x000001ce40606000 JavaThread "Cancel handler" [_thread_blocked, id=9916, stack(0x000000cd57300000,0x000000cd57400000)]
  0x000001ce40608000 JavaThread "Daemon worker Thread 26" [_thread_blocked, id=4760, stack(0x000000cd58900000,0x000000cd58a00000)]
  0x000001ce40608800 JavaThread "Asynchronous log dispatcher for DefaultDaemonConnection: socket connection from /127.0.0.1:32237 to /127.0.0.1:34528" [_thread_blocked, id=9864, stack(0x000000cd58a00000,0x000000cd58b00000)]
  0x000001ce40609800 JavaThread "Stdin handler" [_thread_blocked, id=5580, stack(0x000000cd58b00000,0x000000cd58c00000)]
  0x000001ce40603800 JavaThread "Daemon client event forwarder" [_thread_blocked, id=9984, stack(0x000000cd58c00000,0x000000cd58d00000)]
  0x000001ce4060b000 JavaThread "Cache worker for file hash cache (C:\Users\HES\StudioProjects\FinalProjectMobile\.gradle\7.0.2\fileHashes)" [_thread_blocked, id=9720, stack(0x000000cd58d00000,0x000000cd58e00000)]
  0x000001ce4060e800 JavaThread "Cache worker for checksums cache (C:\Users\HES\StudioProjects\FinalProjectMobile\.gradle\checksums)" [_thread_blocked, id=1160, stack(0x000000cd58e00000,0x000000cd58f00000)]
  0x000001ce4060f000 JavaThread "Cache worker for cache directory md-supplier (C:\Users\HES\.gradle\caches\7.0.2\md-supplier)" [_thread_blocked, id=5732, stack(0x000000cd58f00000,0x000000cd59000000)]
  0x000001ce40610000 JavaThread "Cache worker for cache directory md-rule (C:\Users\HES\.gradle\caches\7.0.2\md-rule)" [_thread_blocked, id=6440, stack(0x000000cd59b00000,0x000000cd59c00000)]
  0x000001ce4060c800 JavaThread "Cache worker for dependencies-accessors (C:\Users\HES\StudioProjects\FinalProjectMobile\.gradle\7.0.2\dependencies-accessors)" [_thread_blocked, id=8620, stack(0x000000cd59e00000,0x000000cd59f00000)]
  0x000001ce4060a800 JavaThread "Cache worker for Build Output Cleanup Cache (C:\Users\HES\StudioProjects\FinalProjectMobile\.gradle\buildOutputCleanup)" [_thread_blocked, id=6488, stack(0x000000cd59f00000,0x000000cd5a000000)]
  0x000001ce40611000 JavaThread "Build operations" [_thread_blocked, id=10112, stack(0x000000cd5a000000,0x000000cd5a100000)]
  0x000001ce40611800 JavaThread "Build operations Thread 2" [_thread_blocked, id=9416, stack(0x000000cd5a500000,0x000000cd5a600000)]
  0x000001ce4060c000 JavaThread "Build operations Thread 3" [_thread_blocked, id=10004, stack(0x000000cd5a700000,0x000000cd5a800000)]
  0x000001ce4060d800 JavaThread "Build operations Thread 4" [_thread_blocked, id=576, stack(0x000000cd5a800000,0x000000cd5a900000)]
  0x000001ce43841800 JavaThread "Build operations Thread 5" [_thread_blocked, id=9000, stack(0x000000cd5a900000,0x000000cd5aa00000)]
  0x000001ce4383c000 JavaThread "Build operations Thread 6" [_thread_blocked, id=7684, stack(0x000000cd5aa00000,0x000000cd5ab00000)]
  0x000001ce4383e000 JavaThread "Build operations Thread 7" [_thread_blocked, id=596, stack(0x000000cd5ab00000,0x000000cd5ac00000)]
  0x000001ce43840000 JavaThread "Build operations Thread 8" [_thread_blocked, id=10200, stack(0x000000cd5ac00000,0x000000cd5ad00000)]
  0x000001ce43840800 JavaThread "build event listener" [_thread_blocked, id=9056, stack(0x000000cd5ad00000,0x000000cd5ae00000)]
  0x000001ce43842800 JavaThread "Execution worker for ':'" [_thread_blocked, id=8132, stack(0x000000cd5ae00000,0x000000cd5af00000)]
  0x000001ce4383c800 JavaThread "Execution worker for ':' Thread 2" [_thread_in_native, id=3856, stack(0x000000cd5af00000,0x000000cd5b000000)]
  0x000001ce4383f000 JavaThread "Execution worker for ':' Thread 3" [_thread_blocked, id=8704, stack(0x000000cd5b600000,0x000000cd5b700000)]
  0x000001ce43843000 JavaThread "Execution worker for ':' Thread 4" [_thread_blocked, id=3616, stack(0x000000cd5b700000,0x000000cd5b800000)]
  0x000001ce4383d800 JavaThread "Execution worker for ':' Thread 5" [_thread_blocked, id=3156, stack(0x000000cd5b800000,0x000000cd5b900000)]
  0x000001ce43845800 JavaThread "Execution worker for ':' Thread 6" [_thread_blocked, id=6464, stack(0x000000cd5b900000,0x000000cd5ba00000)]
  0x000001ce43849800 JavaThread "Execution worker for ':' Thread 7" [_thread_blocked, id=5436, stack(0x000000cd5ba00000,0x000000cd5bb00000)]
  0x000001ce43846800 JavaThread "Cache worker for execution history cache (C:\Users\HES\StudioProjects\FinalProjectMobile\.gradle\7.0.2\executionHistory)" [_thread_blocked, id=8536, stack(0x000000cd5bb00000,0x000000cd5bc00000)]
  0x000001ce43848000 JavaThread "Cache worker for Java compile cache (C:\Users\HES\StudioProjects\FinalProjectMobile\.gradle\7.0.2\javaCompile)" [_thread_blocked, id=4132, stack(0x000000cd5bc00000,0x000000cd5bd00000)]

Other Threads:
  0x000001ce321c8000 VMThread "VM Thread" [stack: 0x000000cd57a00000,0x000000cd57b00000] [id=6676]
  0x000001ce32cfb000 WatcherThread [stack: 0x000000cd58400000,0x000000cd58500000] [id=6800]
  0x000001ce17d7e800 GCTaskThread "GC Thread#0" [stack: 0x000000cd57500000,0x000000cd57600000] [id=2100]
  0x000001ce33814800 GCTaskThread "GC Thread#1" [stack: 0x000000cd58600000,0x000000cd58700000] [id=8368]
  0x000001ce346c9800 GCTaskThread "GC Thread#2" [stack: 0x000000cd59000000,0x000000cd59100000] [id=6980]
  0x000001ce3414f800 GCTaskThread "GC Thread#3" [stack: 0x000000cd59100000,0x000000cd59200000] [id=4788]
  0x000001ce35202000 GCTaskThread "GC Thread#4" [stack: 0x000000cd59200000,0x000000cd59300000] [id=3452]
  0x000001ce35202800 GCTaskThread "GC Thread#5" [stack: 0x000000cd59300000,0x000000cd59400000] [id=1368]
  0x000001ce35217800 GCTaskThread "GC Thread#6" [stack: 0x000000cd59400000,0x000000cd59500000] [id=1672]
  0x000001ce35218800 GCTaskThread "GC Thread#7" [stack: 0x000000cd59500000,0x000000cd59600000] [id=10228]
  0x000001ce17db1800 ConcurrentGCThread "G1 Main Marker" [stack: 0x000000cd57600000,0x000000cd57700000] [id=7632]
  0x000001ce17db2800 ConcurrentGCThread "G1 Conc#0" [stack: 0x000000cd57700000,0x000000cd57800000] [id=3296]
  0x000001ce35b6d800 ConcurrentGCThread "G1 Conc#1" [stack: 0x000000cd59900000,0x000000cd59a00000] [id=5100]
  0x000001ce32018800 ConcurrentGCThread "G1 Refine#0" [stack: 0x000000cd57800000,0x000000cd57900000] [id=4936]
  0x000001ce33d7c800 ConcurrentGCThread "G1 Refine#1" [stack: 0x000000cd59600000,0x000000cd59700000] [id=3284]
  0x000001ce32019000 ConcurrentGCThread "G1 Young RemSet Sampling" [stack: 0x000000cd57900000,0x000000cd57a00000] [id=1092]

Threads with active compile tasks:
C2 CompilerThread08825604 29168       4       com.sun.tools.javac.parser.JavacParser::term3 (2482 bytes)

VM state:not at safepoint (normal execution)

VM Mutex/Monitor currently owned by a thread: None

Heap address: 0x0000000080000000, size: 2048 MB, Compressed Oops mode: 32-bit
Narrow klass base: 0x0000000000000000, Narrow klass shift: 3
Compressed class space size: 1073741824 Address: 0x0000000100000000

Heap:
 garbage-first heap   total 160768K, used 118128K [0x0000000080000000, 0x0000000100000000)
  region size 1024K, 6 young (6144K), 3 survivors (3072K)
 Metaspace       used 137501K, capacity 142085K, committed 142796K, reserved 1173504K
  class space    used 17058K, capacity 18775K, committed 19148K, reserved 1048576K
Heap Regions: E=young(eden), S=young(survivor), O=old, HS=humongous(starts), HC=humongous(continues), CS=collection set, F=free, A=archive, TAMS=top-at-mark-start (previous, next)
|   0|0x0000000080000000, 0x0000000080100000, 0x0000000080100000|100%| O|  |TAMS 0x0000000080100000, 0x0000000080000000| Untracked 
|   1|0x0000000080100000, 0x0000000080200000, 0x0000000080200000|100%| O|  |TAMS 0x0000000080200000, 0x0000000080100000| Complete 
|   2|0x0000000080200000, 0x0000000080300000, 0x0000000080300000|100%| O|  |TAMS 0x0000000080300000, 0x0000000080200000| Untracked 
|   3|0x0000000080300000, 0x0000000080400000, 0x0000000080400000|100%|HS|  |TAMS 0x0000000080400000, 0x0000000080300000| Complete 
|   4|0x0000000080400000, 0x0000000080500000, 0x0000000080500000|100%|HC|  |TAMS 0x0000000080500000, 0x0000000080400000| Complete 
|   5|0x0000000080500000, 0x0000000080600000, 0x0000000080600000|100%|HC|  |TAMS 0x0000000080600000, 0x0000000080500000| Complete 
|   6|0x0000000080600000, 0x0000000080700000, 0x0000000080700000|100%| O|  |TAMS 0x0000000080700000, 0x0000000080600000| Untracked 
|   7|0x0000000080700000, 0x0000000080800000, 0x0000000080800000|100%| O|  |TAMS 0x0000000080800000, 0x0000000080700000| Untracked 
|   8|0x0000000080800000, 0x0000000080900000, 0x0000000080900000|100%| O|  |TAMS 0x0000000080900000, 0x0000000080800000| Complete 
|   9|0x0000000080900000, 0x0000000080a00000, 0x0000000080a00000|100%| O|  |TAMS 0x0000000080a00000, 0x0000000080900000| Untracked 
|  10|0x0000000080a00000, 0x0000000080b00000, 0x0000000080b00000|100%| O|  |TAMS 0x0000000080b00000, 0x0000000080a00000| Untracked 
|  11|0x0000000080b00000, 0x0000000080c00000, 0x0000000080c00000|100%| O|  |TAMS 0x0000000080c00000, 0x0000000080b00000| Untracked 
|  12|0x0000000080c00000, 0x0000000080d00000, 0x0000000080d00000|100%| O|  |TAMS 0x0000000080d00000, 0x0000000080c00000| Untracked 
|  13|0x0000000080d00000, 0x0000000080e00000, 0x0000000080e00000|100%| O|  |TAMS 0x0000000080e00000, 0x0000000080d00000| Untracked 
|  14|0x0000000080e00000, 0x0000000080f00000, 0x0000000080f00000|100%| O|  |TAMS 0x0000000080f00000, 0x0000000080e00000| Untracked 
|  15|0x0000000080f00000, 0x0000000081000000, 0x0000000081000000|100%| O|  |TAMS 0x0000000081000000, 0x0000000080f00000| Complete 
|  16|0x0000000081000000, 0x0000000081100000, 0x0000000081100000|100%| O|  |TAMS 0x0000000081100000, 0x0000000081000000| Untracked 
|  17|0x0000000081100000, 0x0000000081200000, 0x0000000081200000|100%| O|  |TAMS 0x0000000081200000, 0x0000000081100000| Complete 
|  18|0x0000000081200000, 0x0000000081300000, 0x0000000081300000|100%| O|  |TAMS 0x0000000081300000, 0x0000000081200000| Complete 
|  19|0x0000000081300000, 0x0000000081400000, 0x0000000081400000|100%| O|  |TAMS 0x0000000081400000, 0x0000000081300000| Untracked 
|  20|0x0000000081400000, 0x0000000081500000, 0x0000000081500000|100%| O|  |TAMS 0x0000000081500000, 0x0000000081400000| Complete 
|  21|0x0000000081500000, 0x0000000081600000, 0x0000000081600000|100%| O|  |TAMS 0x0000000081600000, 0x0000000081500000| Complete 
|  22|0x0000000081600000, 0x0000000081700000, 0x0000000081700000|100%| O|  |TAMS 0x0000000081700000, 0x0000000081600000| Complete 
|  23|0x0000000081700000, 0x0000000081800000, 0x0000000081800000|100%| O|  |TAMS 0x0000000081800000, 0x0000000081700000| Untracked 
|  24|0x0000000081800000, 0x0000000081900000, 0x0000000081900000|100%| O|  |TAMS 0x0000000081900000, 0x0000000081800000| Untracked 
|  25|0x0000000081900000, 0x0000000081a00000, 0x0000000081a00000|100%| O|  |TAMS 0x0000000081a00000, 0x0000000081900000| Complete 
|  26|0x0000000081a00000, 0x0000000081b00000, 0x0000000081b00000|100%|HS|  |TAMS 0x0000000081b00000, 0x0000000081a00000| Complete 
|  27|0x0000000081b00000, 0x0000000081c00000, 0x0000000081c00000|100%|HS|  |TAMS 0x0000000081c00000, 0x0000000081b00000| Complete 
|  28|0x0000000081c00000, 0x0000000081d00000, 0x0000000081d00000|100%|HS|  |TAMS 0x0000000081d00000, 0x0000000081c00000| Complete 
|  29|0x0000000081d00000, 0x0000000081e00000, 0x0000000081e00000|100%|HC|  |TAMS 0x0000000081e00000, 0x0000000081d00000| Complete 
|  30|0x0000000081e00000, 0x0000000081f00000, 0x0000000081f00000|100%| O|  |TAMS 0x0000000081f00000, 0x0000000081e00000| Complete 
|  31|0x0000000081f00000, 0x0000000082000000, 0x0000000082000000|100%| O|  |TAMS 0x0000000082000000, 0x0000000081f00000| Complete 
|  32|0x0000000082000000, 0x0000000082100000, 0x0000000082100000|100%| O|  |TAMS 0x0000000082100000, 0x0000000082000000| Untracked 
|  33|0x0000000082100000, 0x0000000082200000, 0x0000000082200000|100%| O|  |TAMS 0x0000000082200000, 0x0000000082100000| Complete 
|  34|0x0000000082200000, 0x0000000082300000, 0x0000000082300000|100%| O|  |TAMS 0x0000000082300000, 0x0000000082200000| Untracked 
|  35|0x0000000082300000, 0x0000000082400000, 0x0000000082400000|100%| O|  |TAMS 0x0000000082400000, 0x0000000082300000| Untracked 
|  36|0x0000000082400000, 0x0000000082500000, 0x0000000082500000|100%| O|  |TAMS 0x0000000082500000, 0x0000000082400000| Complete 
|  37|0x0000000082500000, 0x0000000082600000, 0x0000000082600000|100%| O|  |TAMS 0x0000000082600000, 0x0000000082500000| Untracked 
|  38|0x0000000082600000, 0x0000000082700000, 0x0000000082700000|100%| O|  |TAMS 0x0000000082700000, 0x0000000082600000| Complete 
|  39|0x0000000082700000, 0x0000000082800000, 0x0000000082800000|100%| O|  |TAMS 0x0000000082800000, 0x0000000082700000| Untracked 
|  40|0x0000000082800000, 0x0000000082900000, 0x0000000082900000|100%| O|  |TAMS 0x0000000082900000, 0x0000000082800000| Complete 
|  41|0x0000000082900000, 0x0000000082a00000, 0x0000000082a00000|100%| O|  |TAMS 0x0000000082a00000, 0x0000000082900000| Complete 
|  42|0x0000000082a00000, 0x0000000082b00000, 0x0000000082b00000|100%|HS|  |TAMS 0x0000000082b00000, 0x0000000082a00000| Complete 
|  43|0x0000000082b00000, 0x0000000082c00000, 0x0000000082c00000|100%|HC|  |TAMS 0x0000000082c00000, 0x0000000082b00000| Complete 
|  44|0x0000000082c00000, 0x0000000082d00000, 0x0000000082d00000|100%| O|  |TAMS 0x0000000082d00000, 0x0000000082c00000| Complete 
|  45|0x0000000082d00000, 0x0000000082e00000, 0x0000000082e00000|100%| O|  |TAMS 0x0000000082e00000, 0x0000000082d00000| Complete 
|  46|0x0000000082e00000, 0x0000000082f00000, 0x0000000082f00000|100%| O|  |TAMS 0x0000000082f00000, 0x0000000082e00000| Complete 
|  47|0x0000000082f00000, 0x0000000083000000, 0x0000000083000000|100%| O|  |TAMS 0x0000000083000000, 0x0000000082f00000| Complete 
|  48|0x0000000083000000, 0x0000000083100000, 0x0000000083100000|100%| O|  |TAMS 0x0000000083100000, 0x0000000083000000| Complete 
|  49|0x0000000083100000, 0x0000000083200000, 0x0000000083200000|100%| O|  |TAMS 0x000000008316e400, 0x0000000083100000| Untracked 
|  50|0x0000000083200000, 0x0000000083300000, 0x0000000083300000|100%| O|  |TAMS 0x0000000083300000, 0x0000000083200000| Complete 
|  51|0x0000000083300000, 0x0000000083400000, 0x0000000083400000|100%| O|  |TAMS 0x0000000083400000, 0x0000000083300000| Complete 
|  52|0x0000000083400000, 0x0000000083500000, 0x0000000083500000|100%| O|  |TAMS 0x0000000083400000, 0x0000000083400000| Untracked 
|  53|0x0000000083500000, 0x0000000083600000, 0x0000000083600000|100%| O|  |TAMS 0x0000000083600000, 0x0000000083500000| Complete 
|  54|0x0000000083600000, 0x0000000083700000, 0x0000000083700000|100%| O|  |TAMS 0x0000000083700000, 0x0000000083600000| Complete 
|  55|0x0000000083700000, 0x0000000083800000, 0x0000000083800000|100%| O|  |TAMS 0x0000000083700000, 0x0000000083700000| Untracked 
|  56|0x0000000083800000, 0x0000000083900000, 0x0000000083900000|100%| O|  |TAMS 0x0000000083900000, 0x0000000083800000| Untracked 
|  57|0x0000000083900000, 0x0000000083a00000, 0x0000000083a00000|100%| O|  |TAMS 0x0000000083a00000, 0x0000000083900000| Complete 
|  58|0x0000000083a00000, 0x0000000083b00000, 0x0000000083b00000|100%| O|  |TAMS 0x0000000083b00000, 0x0000000083a00000| Complete 
|  59|0x0000000083b00000, 0x0000000083c00000, 0x0000000083c00000|100%| O|  |TAMS 0x0000000083b00000, 0x0000000083b00000| Untracked 
|  60|0x0000000083c00000, 0x0000000083d00000, 0x0000000083d00000|100%| O|  |TAMS 0x0000000083d00000, 0x0000000083c00000| Untracked 
|  61|0x0000000083d00000, 0x0000000083e00000, 0x0000000083e00000|100%| O|  |TAMS 0x0000000083e00000, 0x0000000083d00000| Untracked 
|  62|0x0000000083e00000, 0x0000000083f00000, 0x0000000083f00000|100%| O|  |TAMS 0x0000000083f00000, 0x0000000083e00000| Complete 
|  63|0x0000000083f00000, 0x0000000084000000, 0x0000000084000000|100%| O|  |TAMS 0x0000000084000000, 0x0000000083f00000| Untracked 
|  64|0x0000000084000000, 0x0000000084100000, 0x0000000084100000|100%| O|  |TAMS 0x0000000084100000, 0x0000000084000000| Untracked 
|  65|0x0000000084100000, 0x0000000084200000, 0x0000000084200000|100%| O|  |TAMS 0x0000000084200000, 0x0000000084100000| Complete 
|  66|0x0000000084200000, 0x0000000084300000, 0x0000000084300000|100%|HS|  |TAMS 0x0000000084200000, 0x0000000084200000| Complete 
|  67|0x0000000084300000, 0x0000000084400000, 0x0000000084400000|100%|HC|  |TAMS 0x0000000084300000, 0x0000000084300000| Complete 
|  68|0x0000000084400000, 0x0000000084500000, 0x0000000084500000|100%| O|  |TAMS 0x0000000084500000, 0x0000000084400000| Complete 
|  69|0x0000000084500000, 0x0000000084600000, 0x0000000084600000|100%| O|  |TAMS 0x0000000084600000, 0x0000000084500000| Untracked 
|  70|0x0000000084600000, 0x0000000084700000, 0x0000000084700000|100%|HS|  |TAMS 0x0000000084700000, 0x0000000084600000| Complete 
|  71|0x0000000084700000, 0x0000000084800000, 0x0000000084800000|100%|HC|  |TAMS 0x0000000084800000, 0x0000000084700000| Complete 
|  72|0x0000000084800000, 0x0000000084900000, 0x0000000084900000|100%| O|  |TAMS 0x0000000084900000, 0x0000000084800000| Untracked 
|  73|0x0000000084900000, 0x000000008495c000, 0x0000000084a00000| 35%| O|  |TAMS 0x0000000084900000, 0x0000000084900000| Untracked 
|  74|0x0000000084a00000, 0x0000000084b00000, 0x0000000084b00000|100%| O|  |TAMS 0x0000000084b00000, 0x0000000084a00000| Complete 
|  75|0x0000000084b00000, 0x0000000084c00000, 0x0000000084c00000|100%| O|  |TAMS 0x0000000084c00000, 0x0000000084b00000| Complete 
|  76|0x0000000084c00000, 0x0000000084c00000, 0x0000000084d00000|  0%| F|  |TAMS 0x0000000084c00000, 0x0000000084c00000| Untracked 
|  77|0x0000000084d00000, 0x0000000084e00000, 0x0000000084e00000|100%| O|  |TAMS 0x0000000084e00000, 0x0000000084d00000| Complete 
|  78|0x0000000084e00000, 0x0000000084f00000, 0x0000000084f00000|100%| O|  |TAMS 0x0000000084f00000, 0x0000000084e00000| Complete 
|  79|0x0000000084f00000, 0x0000000085000000, 0x0000000085000000|100%|HS|  |TAMS 0x0000000085000000, 0x0000000084f00000| Complete 
|  80|0x0000000085000000, 0x0000000085100000, 0x0000000085100000|100%|HC|  |TAMS 0x0000000085100000, 0x0000000085000000| Complete 
|  81|0x0000000085100000, 0x0000000085200000, 0x0000000085200000|100%|HC|  |TAMS 0x0000000085200000, 0x0000000085100000| Complete 
|  82|0x0000000085200000, 0x0000000085300000, 0x0000000085300000|100%| O|  |TAMS 0x0000000085300000, 0x0000000085200000| Complete 
|  83|0x0000000085300000, 0x0000000085400000, 0x0000000085400000|100%| O|  |TAMS 0x0000000085400000, 0x0000000085300000| Untracked 
|  84|0x0000000085400000, 0x0000000085500000, 0x0000000085500000|100%| O|  |TAMS 0x0000000085500000, 0x0000000085400000| Complete 
|  85|0x0000000085500000, 0x0000000085600000, 0x0000000085600000|100%| O|  |TAMS 0x0000000085600000, 0x0000000085500000| Untracked 
|  86|0x0000000085600000, 0x0000000085700000, 0x0000000085700000|100%| O|  |TAMS 0x0000000085700000, 0x0000000085600000| Untracked 
|  87|0x0000000085700000, 0x0000000085800000, 0x0000000085800000|100%| O|  |TAMS 0x0000000085800000, 0x0000000085700000| Untracked 
|  88|0x0000000085800000, 0x0000000085900000, 0x0000000085900000|100%| O|  |TAMS 0x0000000085900000, 0x0000000085800000| Untracked 
|  89|0x0000000085900000, 0x0000000085a00000, 0x0000000085a00000|100%| O|  |TAMS 0x0000000085a00000, 0x0000000085900000| Untracked 
|  90|0x0000000085a00000, 0x0000000085b00000, 0x0000000085b00000|100%| O|  |TAMS 0x0000000085b00000, 0x0000000085a00000| Untracked 
|  91|0x0000000085b00000, 0x0000000085c00000, 0x0000000085c00000|100%| O|  |TAMS 0x0000000085c00000, 0x0000000085b00000| Complete 
|  92|0x0000000085c00000, 0x0000000085d00000, 0x0000000085d00000|100%| O|  |TAMS 0x0000000085d00000, 0x0000000085c00000| Untracked 
|  93|0x0000000085d00000, 0x0000000085e00000, 0x0000000085e00000|100%| O|  |TAMS 0x0000000085e00000, 0x0000000085d00000| Untracked 
|  94|0x0000000085e00000, 0x0000000085f00000, 0x0000000085f00000|100%| O|  |TAMS 0x0000000085f00000, 0x0000000085e00000| Untracked 
|  95|0x0000000085f00000, 0x0000000086000000, 0x0000000086000000|100%| O|  |TAMS 0x0000000086000000, 0x0000000085f00000| Complete 
|  96|0x0000000086000000, 0x0000000086100000, 0x0000000086100000|100%| O|  |TAMS 0x0000000086100000, 0x0000000086000000| Untracked 
|  97|0x0000000086100000, 0x0000000086200000, 0x0000000086200000|100%|HS|  |TAMS 0x0000000086200000, 0x0000000086100000| Complete 
|  98|0x0000000086200000, 0x0000000086300000, 0x0000000086300000|100%|HC|  |TAMS 0x0000000086300000, 0x0000000086200000| Complete 
|  99|0x0000000086300000, 0x0000000086400000, 0x0000000086400000|100%|HC|  |TAMS 0x0000000086400000, 0x0000000086300000| Complete 
| 100|0x0000000086400000, 0x0000000086500000, 0x0000000086500000|100%|HC|  |TAMS 0x0000000086500000, 0x0000000086400000| Complete 
| 101|0x0000000086500000, 0x0000000086600000, 0x0000000086600000|100%|HC|  |TAMS 0x0000000086600000, 0x0000000086500000| Complete 
| 102|0x0000000086600000, 0x0000000086700000, 0x0000000086700000|100%| O|  |TAMS 0x0000000086700000, 0x0000000086600000| Complete 
| 103|0x0000000086700000, 0x0000000086700000, 0x0000000086800000|  0%| F|  |TAMS 0x0000000086700000, 0x0000000086700000| Untracked 
| 104|0x0000000086800000, 0x0000000086800000, 0x0000000086900000|  0%| F|  |TAMS 0x0000000086800000, 0x0000000086800000| Untracked 
| 105|0x0000000086900000, 0x0000000086900000, 0x0000000086a00000|  0%| F|  |TAMS 0x0000000086900000, 0x0000000086900000| Untracked 
| 106|0x0000000086a00000, 0x0000000086b00000, 0x0000000086b00000|100%| O|  |TAMS 0x0000000086b00000, 0x0000000086a00000| Untracked 
| 107|0x0000000086b00000, 0x0000000086c00000, 0x0000000086c00000|100%| O|  |TAMS 0x0000000086c00000, 0x0000000086b00000| Untracked 
| 108|0x0000000086c00000, 0x0000000086c00000, 0x0000000086d00000|  0%| F|  |TAMS 0x0000000086c00000, 0x0000000086c00000| Untracked 
| 109|0x0000000086d00000, 0x0000000086d00000, 0x0000000086e00000|  0%| F|  |TAMS 0x0000000086d00000, 0x0000000086d00000| Untracked 
| 110|0x0000000086e00000, 0x0000000086e00000, 0x0000000086f00000|  0%| F|  |TAMS 0x0000000086e00000, 0x0000000086e00000| Untracked 
| 111|0x0000000086f00000, 0x0000000087000000, 0x0000000087000000|100%| O|  |TAMS 0x0000000087000000, 0x0000000086f00000| Complete 
| 112|0x0000000087000000, 0x0000000087100000, 0x0000000087100000|100%| O|  |TAMS 0x0000000087100000, 0x0000000087000000| Complete 
| 113|0x0000000087100000, 0x0000000087100000, 0x0000000087200000|  0%| F|  |TAMS 0x0000000087100000, 0x0000000087100000| Untracked 
| 114|0x0000000087200000, 0x0000000087200000, 0x0000000087300000|  0%| F|  |TAMS 0x0000000087200000, 0x0000000087200000| Untracked 
| 115|0x0000000087300000, 0x0000000087300000, 0x0000000087400000|  0%| F|  |TAMS 0x0000000087300000, 0x0000000087300000| Untracked 
| 116|0x0000000087400000, 0x0000000087400000, 0x0000000087500000|  0%| F|  |TAMS 0x0000000087400000, 0x0000000087400000| Untracked 
| 117|0x0000000087500000, 0x0000000087500000, 0x0000000087600000|  0%| F|  |TAMS 0x0000000087500000, 0x0000000087500000| Untracked 
| 118|0x0000000087600000, 0x0000000087600000, 0x0000000087700000|  0%| F|  |TAMS 0x0000000087600000, 0x0000000087600000| Untracked 
| 119|0x0000000087700000, 0x0000000087800000, 0x0000000087800000|100%| O|  |TAMS 0x0000000087800000, 0x0000000087700000| Complete 
| 120|0x0000000087800000, 0x0000000087900000, 0x0000000087900000|100%| O|  |TAMS 0x0000000087900000, 0x0000000087800000| Complete 
| 121|0x0000000087900000, 0x0000000087900000, 0x0000000087a00000|  0%| F|  |TAMS 0x0000000087900000, 0x0000000087900000| Untracked 
| 122|0x0000000087a00000, 0x0000000087a00000, 0x0000000087b00000|  0%| F|  |TAMS 0x0000000087a00000, 0x0000000087a00000| Untracked 
| 123|0x0000000087b00000, 0x0000000087b00000, 0x0000000087c00000|  0%| F|  |TAMS 0x0000000087b00000, 0x0000000087b00000| Untracked 
| 124|0x0000000087c00000, 0x0000000087d00000, 0x0000000087d00000|100%| O|  |TAMS 0x0000000087d00000, 0x0000000087c00000| Complete 
| 125|0x0000000087d00000, 0x0000000087d00000, 0x0000000087e00000|  0%| F|  |TAMS 0x0000000087d00000, 0x0000000087d00000| Untracked 
| 126|0x0000000087e00000, 0x0000000087e00000, 0x0000000087f00000|  0%| F|  |TAMS 0x0000000087e00000, 0x0000000087e00000| Untracked 
| 127|0x0000000087f00000, 0x0000000087f00000, 0x0000000088000000|  0%| F|  |TAMS 0x0000000087f00000, 0x0000000087f00000| Untracked 
| 128|0x0000000088000000, 0x0000000088000000, 0x0000000088100000|  0%| F|  |TAMS 0x0000000088000000, 0x0000000088000000| Untracked 
| 129|0x0000000088100000, 0x0000000088200000, 0x0000000088200000|100%| S|CS|TAMS 0x0000000088100000, 0x0000000088100000| Complete 
| 130|0x0000000088200000, 0x0000000088300000, 0x0000000088300000|100%| S|CS|TAMS 0x0000000088200000, 0x0000000088200000| Complete 
| 131|0x0000000088300000, 0x0000000088400000, 0x0000000088400000|100%| O|  |TAMS 0x0000000088400000, 0x0000000088300000| Complete 
| 132|0x0000000088400000, 0x0000000088400000, 0x0000000088500000|  0%| F|  |TAMS 0x0000000088400000, 0x0000000088400000| Untracked 
| 133|0x0000000088500000, 0x0000000088600000, 0x0000000088600000|100%| O|  |TAMS 0x0000000088600000, 0x0000000088500000| Complete 
| 134|0x0000000088600000, 0x0000000088600000, 0x0000000088700000|  0%| F|  |TAMS 0x0000000088600000, 0x0000000088600000| Untracked 
| 135|0x0000000088700000, 0x0000000088700000, 0x0000000088800000|  0%| F|  |TAMS 0x0000000088700000, 0x0000000088700000| Untracked 
| 136|0x0000000088800000, 0x0000000088900000, 0x0000000088900000|100%| S|CS|TAMS 0x0000000088800000, 0x0000000088800000| Complete 
| 137|0x0000000088900000, 0x0000000088900000, 0x0000000088a00000|  0%| F|  |TAMS 0x0000000088900000, 0x0000000088900000| Untracked 
| 138|0x0000000088a00000, 0x0000000088a00000, 0x0000000088b00000|  0%| F|  |TAMS 0x0000000088a00000, 0x0000000088a00000| Untracked 
| 139|0x0000000088b00000, 0x0000000088b00000, 0x0000000088c00000|  0%| F|  |TAMS 0x0000000088b00000, 0x0000000088b00000| Untracked 
| 140|0x0000000088c00000, 0x0000000088c00000, 0x0000000088d00000|  0%| F|  |TAMS 0x0000000088c00000, 0x0000000088c00000| Untracked 
| 141|0x0000000088d00000, 0x0000000088d00000, 0x0000000088e00000|  0%| F|  |TAMS 0x0000000088d00000, 0x0000000088d00000| Untracked 
| 142|0x0000000088e00000, 0x0000000088e00000, 0x0000000088f00000|  0%| F|  |TAMS 0x0000000088e00000, 0x0000000088e00000| Untracked 
| 143|0x0000000088f00000, 0x0000000088f00000, 0x0000000089000000|  0%| F|  |TAMS 0x0000000088f00000, 0x0000000088f00000| Untracked 
| 144|0x0000000089000000, 0x0000000089000000, 0x0000000089100000|  0%| F|  |TAMS 0x0000000089000000, 0x0000000089000000| Untracked 
| 145|0x0000000089100000, 0x0000000089100000, 0x0000000089200000|  0%| F|  |TAMS 0x0000000089100000, 0x0000000089100000| Untracked 
| 146|0x0000000089200000, 0x0000000089200000, 0x0000000089300000|  0%| F|  |TAMS 0x0000000089200000, 0x0000000089200000| Untracked 
| 147|0x0000000089300000, 0x0000000089300000, 0x0000000089400000|  0%| F|  |TAMS 0x0000000089300000, 0x0000000089300000| Untracked 
| 148|0x0000000089400000, 0x0000000089400000, 0x0000000089500000|  0%| F|  |TAMS 0x0000000089400000, 0x0000000089400000| Untracked 
| 149|0x0000000089500000, 0x0000000089500000, 0x0000000089600000|  0%| F|  |TAMS 0x0000000089500000, 0x0000000089500000| Untracked 
| 150|0x0000000089600000, 0x0000000089600000, 0x0000000089700000|  0%| F|  |TAMS 0x0000000089600000, 0x0000000089600000| Untracked 
| 151|0x0000000089700000, 0x0000000089700000, 0x0000000089800000|  0%| F|  |TAMS 0x0000000089700000, 0x0000000089700000| Untracked 
| 152|0x0000000089800000, 0x0000000089800000, 0x0000000089900000|  0%| F|  |TAMS 0x0000000089800000, 0x0000000089800000| Untracked 
| 153|0x0000000089900000, 0x0000000089900000, 0x0000000089a00000|  0%| F|  |TAMS 0x0000000089900000, 0x0000000089900000| Untracked 
| 154|0x0000000089a00000, 0x0000000089a668b0, 0x0000000089b00000| 40%| E|  |TAMS 0x0000000089a00000, 0x0000000089a00000| Complete 
| 155|0x0000000089b00000, 0x0000000089c00000, 0x0000000089c00000|100%| E|CS|TAMS 0x0000000089b00000, 0x0000000089b00000| Complete 
| 156|0x0000000089c00000, 0x0000000089d00000, 0x0000000089d00000|100%| E|CS|TAMS 0x0000000089c00000, 0x0000000089c00000| Complete 

Card table byte_map: [0x000001ce2af70000,0x000001ce2b370000] _byte_map_base: 0x000001ce2ab70000

Marking Bits (Prev, Next): (CMBitMap*) 0x000001ce17da8720, (CMBitMap*) 0x000001ce17da86e8
 Prev Bits: [0x000001ce2d770000, 0x000001ce2f770000)
 Next Bits: [0x000001ce2b770000, 0x000001ce2d770000)

Polling page: 0x000001ce15d20000

Metaspace:

Usage:
  Non-class:    120.42 MB capacity,   117.62 MB ( 98%) used,     2.27 MB (  2%) free+waste,   547.00 KB ( <1%) overhead. 
      Class:     18.33 MB capacity,    16.66 MB ( 91%) used,     1.44 MB (  8%) free+waste,   241.38 KB (  1%) overhead. 
       Both:    138.75 MB capacity,   134.28 MB ( 97%) used,     3.71 MB (  3%) free+waste,   788.38 KB ( <1%) overhead. 

Virtual space:
  Non-class space:      122.00 MB reserved,     120.75 MB ( 99%) committed 
      Class space:        1.00 GB reserved,      18.70 MB (  2%) committed 
             Both:        1.12 GB reserved,     139.45 MB ( 12%) committed 

Chunk freelists:
   Non-Class:  274.00 KB
       Class:  265.00 KB
        Both:  539.00 KB

MaxMetaspaceSize: 17179869184.00 GB
CompressedClassSpaceSize: 1.00 GB

CodeHeap 'non-profiled nmethods': size=120000Kb used=21115Kb max_used=21115Kb free=98884Kb
 bounds [0x000001ce23310000, 0x000001ce247c0000, 0x000001ce2a840000]
CodeHeap 'profiled nmethods': size=120000Kb used=55898Kb max_used=55898Kb free=64101Kb
 bounds [0x000001ce1bde0000, 0x000001ce1f510000, 0x000001ce23310000]
CodeHeap 'non-nmethods': size=5760Kb used=2400Kb max_used=2481Kb free=3359Kb
 bounds [0x000001ce1b840000, 0x000001ce1bac0000, 0x000001ce1bde0000]
 total_blobs=26232 nmethods=25200 adapters=940
 compilation: enabled
              stopped_count=0, restarted_count=0
 full_count=0

Compilation events (20 events):
Event: 8824.234 Thread 0x000001ce321ef000 nmethod 29160 0x000001ce1d622a10 code [0x000001ce1d622c20, 0x000001ce1d623098]
Event: 8824.234 Thread 0x000001ce321ef000 29159       3       org.gradle.api.internal.tasks.compile.incremental.recomp.RecompilationSpec::isFullRebuildNeeded (13 bytes)
Event: 8824.234 Thread 0x000001ce321ef000 nmethod 29159 0x000001ce1d27dc90 code [0x000001ce1d27de40, 0x000001ce1d27df98]
Event: 8824.234 Thread 0x000001ce321ef000 29161       3       org.gradle.internal.execution.history.OutputsCleaner::cleanupOutput (130 bytes)
Event: 8824.235 Thread 0x000001ce321ee000 29164   !   4       java.util.concurrent.ArrayBlockingQueue::take (46 bytes)
Event: 8824.236 Thread 0x000001ce321ef000 nmethod 29161 0x000001ce1dbc8890 code [0x000001ce1dbc8ca0, 0x000001ce1dbca898]
Event: 8824.236 Thread 0x000001ce321ef000 29162       3       org.gradle.language.base.internal.tasks.StaleOutputCleaner$$Lambda$994/0x0000000100b18440::test (12 bytes)
Event: 8824.236 Thread 0x000001ce321ef000 nmethod 29162 0x000001ce1d7ca810 code [0x000001ce1d7caa80, 0x000001ce1d7cb4d8]
Event: 8824.236 Thread 0x000001ce321ef000 29163       3       org.gradle.internal.file.impl.DefaultDeleter::delete (46 bytes)
Event: 8824.237 Thread 0x000001ce321ef000 nmethod 29163 0x000001ce1d829d10 code [0x000001ce1d829fc0, 0x000001ce1d82aa98]
Event: 8824.238 Thread 0x000001ce321ef000 29165       3       org.gradle.internal.execution.history.OutputsCleaner::isEmpty (20 bytes)
Event: 8824.239 Thread 0x000001ce321ef000 nmethod 29165 0x000001ce1d898790 code [0x000001ce1d8989e0, 0x000001ce1d8991e8]
Event: 8824.271 Thread 0x000001ce321ee000 nmethod 29164 0x000001ce247b3510 code [0x000001ce247b3700, 0x000001ce247b39e0]
Event: 8824.273 Thread 0x000001ce321ee000 29166       4       java.io.File::toString (5 bytes)
Event: 8824.273 Thread 0x000001ce321ee000 nmethod 29166 0x000001ce2426e090 code [0x000001ce2426e220, 0x000001ce2426e298]
Event: 8824.836 Thread 0x000001ce321ee000 29167       4       java.util.WeakHashMap::<init> (133 bytes)
Event: 8824.840 Thread 0x000001ce321ee000 nmethod 29167 0x000001ce247b3d10 code [0x000001ce247b3ec0, 0x000001ce247b4438]
Event: 8825.142 Thread 0x000001ce321ee000 29168       4       com.sun.tools.javac.parser.JavacParser::term3 (2482 bytes)
Event: 8825.154 Thread 0x000001ce321ef000 29170       3       com.sun.tools.javac.tree.JCTree$JCClassDecl::<init> (44 bytes)
Event: 8825.154 Thread 0x000001ce321ef000 nmethod 29170 0x000001ce1d37e490 code [0x000001ce1d37e660, 0x000001ce1d37eb18]

GC Heap History (20 events):
Event: 8588.115 GC heap before
{Heap before GC invocations=360 (full 0):
 garbage-first heap   total 160768K, used 122954K [0x0000000080000000, 0x0000000100000000)
  region size 1024K, 15 young (15360K), 2 survivors (2048K)
 Metaspace       used 137297K, capacity 141852K, committed 142540K, reserved 1173504K
  class space    used 17057K, capacity 18743K, committed 19148K, reserved 1048576K
}
Event: 8588.122 GC heap after
{Heap after GC invocations=361 (full 0):
 garbage-first heap   total 160768K, used 111195K [0x0000000080000000, 0x0000000100000000)
  region size 1024K, 2 young (2048K), 2 survivors (2048K)
 Metaspace       used 137297K, capacity 141852K, committed 142540K, reserved 1173504K
  class space    used 17057K, capacity 18743K, committed 19148K, reserved 1048576K
}
Event: 8588.131 GC heap before
{Heap before GC invocations=361 (full 0):
 garbage-first heap   total 160768K, used 116315K [0x0000000080000000, 0x0000000100000000)
  region size 1024K, 7 young (7168K), 2 survivors (2048K)
 Metaspace       used 137333K, capacity 141980K, committed 142796K, reserved 1173504K
  class space    used 17057K, capacity 18743K, committed 19148K, reserved 1048576K
}
Event: 8588.137 GC heap after
{Heap after GC invocations=362 (full 0):
 garbage-first heap   total 160768K, used 101836K [0x0000000080000000, 0x0000000100000000)
  region size 1024K, 1 young (1024K), 1 survivors (1024K)
 Metaspace       used 137333K, capacity 141980K, committed 142796K, reserved 1173504K
  class space    used 17057K, capacity 18743K, committed 19148K, reserved 1048576K
}
Event: 8588.220 GC heap before
{Heap before GC invocations=362 (full 0):
 garbage-first heap   total 160768K, used 110028K [0x0000000080000000, 0x0000000100000000)
  region size 1024K, 10 young (10240K), 1 survivors (1024K)
 Metaspace       used 137360K, capacity 141981K, committed 142796K, reserved 1173504K
  class space    used 17057K, capacity 18743K, committed 19148K, reserved 1048576K
}
Event: 8588.224 GC heap after
{Heap after GC invocations=363 (full 0):
 garbage-first heap   total 160768K, used 102634K [0x0000000080000000, 0x0000000100000000)
  region size 1024K, 1 young (1024K), 1 survivors (1024K)
 Metaspace       used 137360K, capacity 141981K, committed 142796K, reserved 1173504K
  class space    used 17057K, capacity 18743K, committed 19148K, reserved 1048576K
}
Event: 8588.394 GC heap before
{Heap before GC invocations=364 (full 0):
 garbage-first heap   total 160768K, used 126186K [0x0000000080000000, 0x0000000100000000)
  region size 1024K, 22 young (22528K), 1 survivors (1024K)
 Metaspace       used 137360K, capacity 141981K, committed 142796K, reserved 1173504K
  class space    used 17057K, capacity 18743K, committed 19148K, reserved 1048576K
}
Event: 8588.400 GC heap after
{Heap after GC invocations=365 (full 0):
 garbage-first heap   total 160768K, used 110911K [0x0000000080000000, 0x0000000100000000)
  region size 1024K, 3 young (3072K), 3 survivors (3072K)
 Metaspace       used 137360K, capacity 141981K, committed 142796K, reserved 1173504K
  class space    used 17057K, capacity 18743K, committed 19148K, reserved 1048576K
}
Event: 8588.412 GC heap before
{Heap before GC invocations=365 (full 0):
 garbage-first heap   total 160768K, used 115007K [0x0000000080000000, 0x0000000100000000)
  region size 1024K, 7 young (7168K), 3 survivors (3072K)
 Metaspace       used 137366K, capacity 141982K, committed 142796K, reserved 1173504K
  class space    used 17057K, capacity 18743K, committed 19148K, reserved 1048576K
}
Event: 8588.421 GC heap after
{Heap after GC invocations=366 (full 0):
 garbage-first heap   total 160768K, used 109944K [0x0000000080000000, 0x0000000100000000)
  region size 1024K, 1 young (1024K), 1 survivors (1024K)
 Metaspace       used 137366K, capacity 141982K, committed 142796K, reserved 1173504K
  class space    used 17057K, capacity 18743K, committed 19148K, reserved 1048576K
}
Event: 8588.550 GC heap before
{Heap before GC invocations=366 (full 0):
 garbage-first heap   total 160768K, used 127352K [0x0000000080000000, 0x0000000100000000)
  region size 1024K, 19 young (19456K), 1 survivors (1024K)
 Metaspace       used 137406K, capacity 142048K, committed 142796K, reserved 1173504K
  class space    used 17057K, capacity 18743K, committed 19148K, reserved 1048576K
}
Event: 8588.556 GC heap after
{Heap after GC invocations=367 (full 0):
 garbage-first heap   total 160768K, used 110859K [0x0000000080000000, 0x0000000100000000)
  region size 1024K, 2 young (2048K), 2 survivors (2048K)
 Metaspace       used 137406K, capacity 142048K, committed 142796K, reserved 1173504K
  class space    used 17057K, capacity 18743K, committed 19148K, reserved 1048576K
}
Event: 8682.481 GC heap before
{Heap before GC invocations=368 (full 0):
 garbage-first heap   total 160768K, used 135435K [0x0000000080000000, 0x0000000100000000)
  region size 1024K, 20 young (20480K), 2 survivors (2048K)
 Metaspace       used 137410K, capacity 142048K, committed 142796K, reserved 1173504K
  class space    used 17057K, capacity 18743K, committed 19148K, reserved 1048576K
}
Event: 8682.484 GC heap after
{Heap after GC invocations=369 (full 0):
 garbage-first heap   total 160768K, used 110777K [0x0000000080000000, 0x0000000100000000)
  region size 1024K, 1 young (1024K), 1 survivors (1024K)
 Metaspace       used 137410K, capacity 142048K, committed 142796K, reserved 1173504K
  class space    used 17057K, capacity 18743K, committed 19148K, reserved 1048576K
}
Event: 8823.147 GC heap before
{Heap before GC invocations=369 (full 0):
 garbage-first heap   total 160768K, used 116921K [0x0000000080000000, 0x0000000100000000)
  region size 1024K, 7 young (7168K), 1 survivors (1024K)
 Metaspace       used 137423K, capacity 142080K, committed 142796K, reserved 1173504K
  class space    used 17058K, capacity 18775K, committed 19148K, reserved 1048576K
}
Event: 8823.153 GC heap after
{Heap after GC invocations=370 (full 0):
 garbage-first heap   total 160768K, used 107443K [0x0000000080000000, 0x0000000100000000)
  region size 1024K, 1 young (1024K), 1 survivors (1024K)
 Metaspace       used 137423K, capacity 142080K, committed 142796K, reserved 1173504K
  class space    used 17058K, capacity 18775K, committed 19148K, reserved 1048576K
}
Event: 8823.733 GC heap before
{Heap before GC invocations=370 (full 0):
 garbage-first heap   total 160768K, used 127923K [0x0000000080000000, 0x0000000100000000)
  region size 1024K, 21 young (21504K), 1 survivors (1024K)
 Metaspace       used 137469K, capacity 142082K, committed 142796K, reserved 1173504K
  class space    used 17058K, capacity 18775K, committed 19148K, reserved 1048576K
}
Event: 8823.746 GC heap after
{Heap after GC invocations=371 (full 0):
 garbage-first heap   total 160768K, used 110009K [0x0000000080000000, 0x0000000100000000)
  region size 1024K, 3 young (3072K), 3 survivors (3072K)
 Metaspace       used 137469K, capacity 142082K, committed 142796K, reserved 1173504K
  class space    used 17058K, capacity 18775K, committed 19148K, reserved 1048576K
}
Event: 8825.224 GC heap before
{Heap before GC invocations=372 (full 0):
 garbage-first heap   total 160768K, used 131513K [0x0000000080000000, 0x0000000100000000)
  region size 1024K, 23 young (23552K), 3 survivors (3072K)
 Metaspace       used 137501K, capacity 142085K, committed 142796K, reserved 1173504K
  class space    used 17058K, capacity 18775K, committed 19148K, reserved 1048576K
}
Event: 8825.231 GC heap after
{Heap after GC invocations=373 (full 0):
 garbage-first heap   total 160768K, used 116080K [0x0000000080000000, 0x0000000100000000)
  region size 1024K, 3 young (3072K), 3 survivors (3072K)
 Metaspace       used 137501K, capacity 142085K, committed 142796K, reserved 1173504K
  class space    used 17058K, capacity 18775K, committed 19148K, reserved 1048576K
}

Deoptimization events (20 events):
Event: 8588.687 Thread 0x000001ce32e5a000 Uncommon trap: trap_request=0xffffffc6 fr.pc=0x000001ce23ac2d80 relative=0x00000000000000c0
Event: 8588.687 Thread 0x000001ce32e5a000 Uncommon trap: reason=bimorphic_or_optimized_type_check action=maybe_recompile pc=0x000001ce23ac2d80 method=com.google.common.collect.TransformedIterator.hasNext()Z @ 4 c2
Event: 8588.687 Thread 0x000001ce32e5a000 DEOPT PACKING pc=0x000001ce23ac2d80 sp=0x000000cd5c6fde20
Event: 8588.687 Thread 0x000001ce32e5a000 DEOPT UNPACKING pc=0x000001ce1b8678af sp=0x000000cd5c6fddc0 mode 2
Event: 8588.687 Thread 0x000001ce32e5a000 Uncommon trap: trap_request=0xffffffde fr.pc=0x000001ce243ab3f8 relative=0x0000000000004878
Event: 8588.687 Thread 0x000001ce32e5a000 Uncommon trap: reason=class_check action=maybe_recompile pc=0x000001ce243ab3f8 method=com.google.common.collect.TransformedIterator.next()Ljava/lang/Object; @ 5 c2
Event: 8588.687 Thread 0x000001ce32e5a000 DEOPT PACKING pc=0x000001ce243ab3f8 sp=0x000000cd5c6fdd80
Event: 8588.687 Thread 0x000001ce32e5a000 DEOPT UNPACKING pc=0x000001ce1b8678af sp=0x000000cd5c6fdda8 mode 2
Event: 8588.687 Thread 0x000001ce32e5a000 Uncommon trap: trap_request=0xffffffc6 fr.pc=0x000001ce23ac2d80 relative=0x00000000000000c0
Event: 8588.687 Thread 0x000001ce32e5a000 Uncommon trap: reason=bimorphic_or_optimized_type_check action=maybe_recompile pc=0x000001ce23ac2d80 method=com.google.common.collect.TransformedIterator.hasNext()Z @ 4 c2
Event: 8588.687 Thread 0x000001ce32e5a000 DEOPT PACKING pc=0x000001ce23ac2d80 sp=0x000000cd5c6fde20
Event: 8588.687 Thread 0x000001ce32e5a000 DEOPT UNPACKING pc=0x000001ce1b8678af sp=0x000000cd5c6fddc0 mode 2
Event: 8823.649 Thread 0x000001ce40608000 Uncommon trap: trap_request=0xffffff7e fr.pc=0x000001ce23e98fbc relative=0x0000000000000afc
Event: 8823.649 Thread 0x000001ce40608000 Uncommon trap: reason=predicate action=maybe_recompile pc=0x000001ce23e98fbc method=com.google.common.collect.RegularImmutableMap.fromEntryArray(I[Ljava/util/Map$Entry;)Lcom/google/common/collect/ImmutableMap; @ 59 c2
Event: 8823.649 Thread 0x000001ce40608000 DEOPT PACKING pc=0x000001ce23e98fbc sp=0x000000cd589f9280
Event: 8823.649 Thread 0x000001ce40608000 DEOPT UNPACKING pc=0x000001ce1b8678af sp=0x000000cd589f9228 mode 2
Event: 8823.825 Thread 0x000001ce32cc0000 Uncommon trap: trap_request=0xffffffde fr.pc=0x000001ce2344336c relative=0x000000000000052c
Event: 8823.825 Thread 0x000001ce32cc0000 Uncommon trap: reason=class_check action=maybe_recompile pc=0x000001ce2344336c method=jdk.internal.ref.PhantomCleanable.clean()V @ 12 c2
Event: 8823.825 Thread 0x000001ce32cc0000 DEOPT PACKING pc=0x000001ce2344336c sp=0x000000cd583ff3b0
Event: 8823.825 Thread 0x000001ce32cc0000 DEOPT UNPACKING pc=0x000001ce1b8678af sp=0x000000cd583ff390 mode 2

Classes redefined (0 events):
No events

Internal exceptions (20 events):
Event: 8588.431 Thread 0x000001ce32e54800 Exception <a 'sun/nio/fs/WindowsException'{0x0000000089aa6c48}> (0x0000000089aa6c48) thrown at [./src/hotspot/share/prims/jni.cpp, line 615]
Event: 8588.432 Thread 0x000001ce32e54800 Exception <a 'sun/nio/fs/WindowsException'{0x0000000089aabf20}> (0x0000000089aabf20) thrown at [./src/hotspot/share/prims/jni.cpp, line 615]
Event: 8588.434 Thread 0x000001ce32e54800 Exception <a 'sun/nio/fs/WindowsException'{0x000000008990aba0}> (0x000000008990aba0) thrown at [./src/hotspot/share/prims/jni.cpp, line 615]
Event: 8588.438 Thread 0x000001ce32e54800 Exception <a 'sun/nio/fs/WindowsException'{0x0000000089608c58}> (0x0000000089608c58) thrown at [./src/hotspot/share/prims/jni.cpp, line 615]
Event: 8588.439 Thread 0x000001ce32e54800 Exception <a 'sun/nio/fs/WindowsException'{0x000000008960e780}> (0x000000008960e780) thrown at [./src/hotspot/share/prims/jni.cpp, line 615]
Event: 8588.440 Thread 0x000001ce32e54800 Exception <a 'sun/nio/fs/WindowsException'{0x00000000896153a0}> (0x00000000896153a0) thrown at [./src/hotspot/share/prims/jni.cpp, line 615]
Event: 8588.468 Thread 0x000001ce32e59000 Exception <a 'sun/nio/fs/WindowsException'{0x00000000893fa318}> (0x00000000893fa318) thrown at [./src/hotspot/share/prims/jni.cpp, line 615]
Event: 8588.483 Thread 0x000001ce32e59000 Exception <a 'sun/nio/fs/WindowsException'{0x0000000088f92740}> (0x0000000088f92740) thrown at [./src/hotspot/share/prims/jni.cpp, line 615]
Event: 8588.500 Thread 0x000001ce32e5f000 Exception <a 'sun/nio/fs/WindowsException'{0x0000000088e6b178}> (0x0000000088e6b178) thrown at [./src/hotspot/share/prims/jni.cpp, line 615]
Event: 8588.507 Thread 0x000001ce32e5f000 Exception <a 'sun/nio/fs/WindowsException'{0x0000000088cc48b8}> (0x0000000088cc48b8) thrown at [./src/hotspot/share/prims/jni.cpp, line 615]
Event: 8823.654 Thread 0x000001ce40608000 Exception <a 'sun/nio/fs/WindowsException'{0x0000000088e0acf8}> (0x0000000088e0acf8) thrown at [./src/hotspot/share/prims/jni.cpp, line 615]
Event: 8823.668 Thread 0x000001ce40608000 Exception <a 'java/lang/NoClassDefFoundError'{0x0000000088ca9920}: org/jetbrains/kotlin/gradle/plugin/KotlinBasePluginWrapper> (0x0000000088ca9920) thrown at [./src/hotspot/share/oops/constantPool.cpp, line 775]
Event: 8823.674 Thread 0x000001ce40608000 Exception <a 'sun/nio/fs/WindowsException'{0x0000000088bafcd8}> (0x0000000088bafcd8) thrown at [./src/hotspot/share/prims/jni.cpp, line 615]
Event: 8823.703 Thread 0x000001ce40608000 Exception <a 'sun/nio/fs/WindowsException'{0x0000000088a515c8}> (0x0000000088a515c8) thrown at [./src/hotspot/share/prims/jni.cpp, line 615]
Event: 8823.704 Thread 0x000001ce40608000 Exception <a 'sun/nio/fs/WindowsException'{0x0000000088a52560}> (0x0000000088a52560) thrown at [./src/hotspot/share/prims/jni.cpp, line 615]
Event: 8823.704 Thread 0x000001ce40608000 Exception <a 'sun/nio/fs/WindowsException'{0x0000000088a53548}> (0x0000000088a53548) thrown at [./src/hotspot/share/prims/jni.cpp, line 615]
Event: 8823.704 Thread 0x000001ce40608000 Exception <a 'sun/nio/fs/WindowsException'{0x0000000088a54848}> (0x0000000088a54848) thrown at [./src/hotspot/share/prims/jni.cpp, line 615]
Event: 8825.139 Thread 0x000001ce4383c800 Exception <a 'sun/nio/fs/WindowsException'{0x0000000088e4c430}> (0x0000000088e4c430) thrown at [./src/hotspot/share/prims/jni.cpp, line 615]
Event: 8825.155 Thread 0x000001ce4383c800 Exception <a 'sun/nio/fs/WindowsException'{0x0000000088d14178}> (0x0000000088d14178) thrown at [./src/hotspot/share/prims/jni.cpp, line 615]
Event: 8825.155 Thread 0x000001ce4383c800 Exception <a 'sun/nio/fs/WindowsException'{0x0000000088d14280}> (0x0000000088d14280) thrown at [./src/hotspot/share/prims/jni.cpp, line 615]

Events (20 events):
Event: 8824.074 Executing VM operation: RevokeBias done
Event: 8824.074 Executing VM operation: RevokeBias
Event: 8824.075 Executing VM operation: RevokeBias done
Event: 8824.075 Executing VM operation: RevokeBias
Event: 8824.075 Executing VM operation: RevokeBias done
Event: 8824.075 Executing VM operation: RevokeBias
Event: 8824.075 Executing VM operation: RevokeBias done
Event: 8824.082 Executing VM operation: RevokeBias
Event: 8824.082 Executing VM operation: RevokeBias done
Event: 8824.083 Executing VM operation: RevokeBias
Event: 8824.083 Executing VM operation: RevokeBias done
Event: 8824.087 Executing VM operation: RevokeBias
Event: 8824.087 Executing VM operation: RevokeBias done
Event: 8824.093 Executing VM operation: RevokeBias
Event: 8824.093 Executing VM operation: RevokeBias done
Event: 8824.104 Executing VM operation: RevokeBias
Event: 8824.104 Executing VM operation: RevokeBias done
Event: 8824.141 Thread 0x000001ce43848000 Thread added: 0x000001ce43848000
Event: 8825.224 Executing VM operation: G1CollectForAllocation
Event: 8825.231 Executing VM operation: G1CollectForAllocation done


Dynamic libraries:
0x00007ff6e8d30000 - 0x00007ff6e8d3a000 	C:\Program Files\Android\Android Studio\jre\bin\java.exe
0x00007ff8fc1c0000 - 0x00007ff8fc3cf000 	C:\WINDOWS\SYSTEM32\ntdll.dll
0x00007ff8fb470000 - 0x00007ff8fb52d000 	C:\WINDOWS\System32\KERNEL32.DLL
0x00007ff8f9cc0000 - 0x00007ff8fa046000 	C:\WINDOWS\System32\KERNELBASE.dll
0x00007ff8f5ea0000 - 0x00007ff8f5f32000 	C:\WINDOWS\SYSTEM32\apphelp.dll
0x00007ff8f9a80000 - 0x00007ff8f9b91000 	C:\WINDOWS\System32\ucrtbase.dll
0x00007ff8deca0000 - 0x00007ff8decb9000 	C:\Program Files\Android\Android Studio\jre\bin\jli.dll
0x00007ff8fb5d0000 - 0x00007ff8fb77b000 	C:\WINDOWS\System32\USER32.dll
0x00007ff8f9700000 - 0x00007ff8f9726000 	C:\WINDOWS\System32\win32u.dll
0x00007ff8fb300000 - 0x00007ff8fb329000 	C:\WINDOWS\System32\GDI32.dll
0x00007ff8e9550000 - 0x00007ff8e97f1000 	C:\WINDOWS\WinSxS\amd64_microsoft.windows.common-controls_6595b64144ccf1df_6.0.22468.1000_none_266f4f372a53a5e7\COMCTL32.dll
0x00007ff8f9ba0000 - 0x00007ff8f9cb7000 	C:\WINDOWS\System32\gdi32full.dll
0x00007ff8f99e0000 - 0x00007ff8f9a7b000 	C:\WINDOWS\System32\msvcp_win.dll
0x00007ff8d9940000 - 0x00007ff8d9957000 	C:\Program Files\Android\Android Studio\jre\bin\VCRUNTIME140.dll
0x00007ff8fbb40000 - 0x00007ff8fbbe4000 	C:\WINDOWS\System32\msvcrt.dll
0x00007ff8fbc00000 - 0x00007ff8fbc31000 	C:\WINDOWS\System32\IMM32.DLL
0x00007ff8cdc50000 - 0x00007ff8cdced000 	C:\Program Files\Android\Android Studio\jre\bin\msvcp140.dll
0x00007ff8ca8c0000 - 0x00007ff8cb38f000 	C:\Program Files\Android\Android Studio\jre\bin\server\jvm.dll
0x00007ff8fb090000 - 0x00007ff8fb13e000 	C:\WINDOWS\System32\ADVAPI32.dll
0x00007ff8fb530000 - 0x00007ff8fb5cf000 	C:\WINDOWS\System32\sechost.dll
0x00007ff8fb8b0000 - 0x00007ff8fb9d0000 	C:\WINDOWS\System32\RPCRT4.dll
0x00007ff8fbbf0000 - 0x00007ff8fbbf8000 	C:\WINDOWS\System32\PSAPI.DLL
0x00007ff8f3c80000 - 0x00007ff8f3cb3000 	C:\WINDOWS\SYSTEM32\WINMM.dll
0x00007ff8f65b0000 - 0x00007ff8f65b9000 	C:\WINDOWS\SYSTEM32\WSOCK32.dll
0x00007ff8eec00000 - 0x00007ff8eec0a000 	C:\WINDOWS\SYSTEM32\VERSION.dll
0x00007ff8fbac0000 - 0x00007ff8fbb31000 	C:\WINDOWS\System32\WS2_32.dll
0x00007ff8f8760000 - 0x00007ff8f8778000 	C:\WINDOWS\SYSTEM32\kernel.appcore.dll
0x00007ff8f2b90000 - 0x00007ff8f2ba1000 	C:\Program Files\Android\Android Studio\jre\bin\verify.dll
0x00007ff8f72a0000 - 0x00007ff8f74c7000 	C:\WINDOWS\SYSTEM32\DBGHELP.DLL
0x00007ff8fad10000 - 0x00007ff8fb08c000 	C:\WINDOWS\System32\combase.dll
0x00007ff8ed760000 - 0x00007ff8ed791000 	C:\WINDOWS\SYSTEM32\dbgcore.DLL
0x00007ff8f9890000 - 0x00007ff8f9911000 	C:\WINDOWS\System32\bcryptPrimitives.dll
0x00007ff8e2df0000 - 0x00007ff8e2e19000 	C:\Program Files\Android\Android Studio\jre\bin\java.dll
0x00007ff8f5050000 - 0x00007ff8f505b000 	C:\Program Files\Android\Android Studio\jre\bin\jimage.dll
0x00007ff8efd70000 - 0x00007ff8efd88000 	C:\Program Files\Android\Android Studio\jre\bin\zip.dll
0x00007ff8fa290000 - 0x00007ff8faa3b000 	C:\WINDOWS\System32\SHELL32.dll
0x00007ff8f7730000 - 0x00007ff8f7f8c000 	C:\WINDOWS\SYSTEM32\windows.storage.dll
0x00007ff8f75c0000 - 0x00007ff8f7728000 	C:\WINDOWS\SYSTEM32\wintypes.dll
0x00007ff8fb9d0000 - 0x00007ff8fbac0000 	C:\WINDOWS\System32\SHCORE.dll
0x00007ff8fac80000 - 0x00007ff8facdb000 	C:\WINDOWS\System32\shlwapi.dll
0x00007ff8f95c0000 - 0x00007ff8f95e1000 	C:\WINDOWS\SYSTEM32\profapi.dll
0x00007ff8ef630000 - 0x00007ff8ef64a000 	C:\Program Files\Android\Android Studio\jre\bin\net.dll
0x00007ff8f30b0000 - 0x00007ff8f31c0000 	C:\WINDOWS\SYSTEM32\WINHTTP.dll
0x00007ff8f8bb0000 - 0x00007ff8f8c19000 	C:\WINDOWS\system32\mswsock.dll
0x00007ff8e0190000 - 0x00007ff8e01a4000 	C:\Program Files\Android\Android Studio\jre\bin\nio.dll
0x00007ff8d6e30000 - 0x00007ff8d6e57000 	C:\Users\HES\.gradle\native\8bec1ad78214c89d9ad589b4d07fe93259594b29d510b10fafb7a158f7737e5d\windows-amd64\native-platform.dll
0x00007ff8cdee0000 - 0x00007ff8ce01d000 	C:\Users\HES\.gradle\native\53dbd7edfb1c66fb8903c78663c9afc45aea4f116125fa6feffd364cf09443e8\windows-amd64\native-platform-file-events.dll
0x00007ff8f22c0000 - 0x00007ff8f22ca000 	C:\Program Files\Android\Android Studio\jre\bin\management.dll
0x00007ff8f0f70000 - 0x00007ff8f0f7c000 	C:\Program Files\Android\Android Studio\jre\bin\management_ext.dll
0x00007ff8f8e00000 - 0x00007ff8f8e18000 	C:\WINDOWS\SYSTEM32\CRYPTSP.dll
0x00007ff8f86c0000 - 0x00007ff8f86f5000 	C:\WINDOWS\system32\rsaenh.dll
0x00007ff8f8cb0000 - 0x00007ff8f8cd9000 	C:\WINDOWS\SYSTEM32\USERENV.dll
0x00007ff8f8f80000 - 0x00007ff8f8fa8000 	C:\WINDOWS\SYSTEM32\bcrypt.dll
0x00007ff8f8e20000 - 0x00007ff8f8e2c000 	C:\WINDOWS\SYSTEM32\CRYPTBASE.dll
0x00007ff8f8260000 - 0x00007ff8f828d000 	C:\WINDOWS\SYSTEM32\IPHLPAPI.DLL
0x00007ff8fa130000 - 0x00007ff8fa139000 	C:\WINDOWS\System32\NSI.dll
0x00007ff8f2aa0000 - 0x00007ff8f2ab9000 	C:\WINDOWS\SYSTEM32\dhcpcsvc6.DLL
0x00007ff8f2720000 - 0x00007ff8f273e000 	C:\WINDOWS\SYSTEM32\dhcpcsvc.DLL
0x00007ff8f8290000 - 0x00007ff8f8381000 	C:\WINDOWS\SYSTEM32\DNSAPI.dll
0x00007ff8de1e0000 - 0x00007ff8de207000 	C:\Program Files\Android\Android Studio\jre\bin\sunec.dll
0x00007ff8f1010000 - 0x00007ff8f101a000 	C:\Windows\System32\rasadhlp.dll
0x00007ff8f2220000 - 0x00007ff8f22a1000 	C:\WINDOWS\System32\fwpuclnt.dll

dbghelp: loaded successfully - version: 4.0.5 - missing functions: none
symbol engine: initialized successfully - sym options: 0x614 - pdb path: .;C:\Program Files\Android\Android Studio\jre\bin;C:\WINDOWS\SYSTEM32;C:\WINDOWS\WinSxS\amd64_microsoft.windows.common-controls_6595b64144ccf1df_6.0.22468.1000_none_266f4f372a53a5e7;C:\Program Files\Android\Android Studio\jre\bin\server;C:\Users\HES\.gradle\native\8bec1ad78214c89d9ad589b4d07fe93259594b29d510b10fafb7a158f7737e5d\windows-amd64;C:\Users\HES\.gradle\native\53dbd7edfb1c66fb8903c78663c9afc45aea4f116125fa6feffd364cf09443e8\windows-amd64

VM Arguments:
jvm_args: --add-opens=java.base/java.util=ALL-UNNAMED --add-opens=java.base/java.lang=ALL-UNNAMED --add-opens=java.base/java.lang.invoke=ALL-UNNAMED --add-opens=java.base/java.util=ALL-UNNAMED --add-opens=java.prefs/java.util.prefs=ALL-UNNAMED --add-opens=java.prefs/java.util.prefs=ALL-UNNAMED --add-opens=java.base/java.nio.charset=ALL-UNNAMED --add-opens=java.base/java.net=ALL-UNNAMED --add-opens=java.base/java.util.concurrent.atomic=ALL-UNNAMED -Xmx2048m -Dfile.encoding=UTF-8 -Duser.country=US -Duser.language=en -Duser.variant 
java_command: org.gradle.launcher.daemon.bootstrap.GradleDaemon 7.0.2
java_class_path (initial): C:\Users\HES\.gradle\wrapper\dists\gradle-7.0.2-bin\857tjihv64xamwrf0h14cai3r\gradle-7.0.2\lib\gradle-launcher-7.0.2.jar
Launcher Type: SUN_STANDARD

[Global flags]
     intx CICompilerCount                          = 4                                         {product} {ergonomic}
     uint ConcGCThreads                            = 2                                         {product} {ergonomic}
     uint G1ConcRefinementThreads                  = 8                                         {product} {ergonomic}
   size_t G1HeapRegionSize                         = 1048576                                   {product} {ergonomic}
    uintx GCDrainStackTargetSize                   = 64                                        {product} {ergonomic}
   size_t InitialHeapSize                          = 125829120                                 {product} {ergonomic}
   size_t MarkStackSize                            = 4194304                                   {product} {ergonomic}
   size_t MaxHeapSize                              = 2147483648                                {product} {command line}
   size_t MaxNewSize                               = 1287651328                                {product} {ergonomic}
   size_t MinHeapDeltaBytes                        = 1048576                                   {product} {ergonomic}
    uintx NonNMethodCodeHeapSize                   = 5836300                                {pd product} {ergonomic}
    uintx NonProfiledCodeHeapSize                  = 122910970                              {pd product} {ergonomic}
    uintx ProfiledCodeHeapSize                     = 122910970                              {pd product} {ergonomic}
    uintx ReservedCodeCacheSize                    = 251658240                              {pd product} {ergonomic}
     bool SegmentedCodeCache                       = true                                      {product} {ergonomic}
     bool UseCompressedClassPointers               = true                                 {lp64_product} {ergonomic}
     bool UseCompressedOops                        = true                                 {lp64_product} {ergonomic}
     bool UseG1GC                                  = true                                      {product} {ergonomic}
     bool UseLargePagesIndividualAllocation        = false                                  {pd product} {ergonomic}

Logging:
Log output configuration:
 #0: stdout all=warning uptime,level,tags
 #1: stderr all=off uptime,level,tags

Environment Variables:
JAVA_HOME=C:\Program Files\Java\jdk
PATH=C:\Users\HES\AppData\Roaming\npm;C:\Program Files (x86)\Common Files\Oracle\Java\javapath;"C:\Program Files (x86)\Common Files\Oracle\Java\javapath;C:\Program Files\Java\jdk\bin;C:\Program Files\Java\jre\bin";C:\WINDOWS\system32;C:\WINDOWS;C:\WINDOWS\System32\Wbem;C:\WINDOWS\System32\WindowsPowerShell\v1.0\;C:\WINDOWS\System32\OpenSSH\;C:\Program Files\Docker\Docker\resources\bin;C:\ProgramData\DockerDesktop\version-bin;C:\Program Files\Git\cmd;C:\Program Files\nodejs\;C:\Users\HES\flutter\bin;"C:\Users\HES\AppData\Roaming\npm\node_modules\@nestjs\cli\bin;";"C:\Users\HES\AppData\Roaming\npm;";%AppData%\npm;C:\Users\HES\AppData\Roaming\npm;C:\Users\HES\AppData\Local\Microsoft\WindowsApps;C:\Users\HES\AppData\Local\GitHubDesktop\bin;C:\Users\HES\AppData\Local\Programs\Microsoft VS Code\bin;C:\Users\HES\flutter\bin;C:\Users\HES\AppData\Roaming\npm;
USERNAME=HES
OS=Windows_NT
PROCESSOR_IDENTIFIER=Intel64 Family 6 Model 142 Stepping 10, GenuineIntel



---------------  S Y S T E M  ---------------

OS: Windows 10 , 64 bit Build 22468 (10.0.22468.1000)
OS uptime: 4 days 3:39 hours

CPU:total 8 (initial active 8) (4 cores per cpu, 2 threads per core) family 6 model 142 stepping 10 microcode 0xea, cmov, cx8, fxsr, mmx, sse, sse2, sse3, ssse3, sse4.1, sse4.2, popcnt, avx, avx2, aes, clmul, erms, 3dnowpref, lzcnt, ht, tsc, tscinvbit, bmi1, bmi2, adx, fma

Memory: 4k page, system-wide physical 7613M (190M free)
TotalPageFile size 7629M (AvailPageFile size 29M)
current process WorkingSet (physical memory assigned to process): 496M, peak: 580M
current process commit charge ("private bytes"): 580M, peak: 610M

vm_info: OpenJDK 64-Bit Server VM (11.0.10+0-b96-7249189) for windows-amd64 JRE (11.0.10+0-b96-7249189), built on Mar 31 2021 21:44:00 by "builder" with MS VC++ 14.0 (VS2015)

END.
